{
    "IP_VERSION": 4,
    "JINN_IP": "178.70.24.189",
    "JINN_PORT": 30000,
    "AUTODETECT_IP": true,
    "CLIENT_MODE": false,
    "WALLET_NAME": "Elite",
    "WALLET_DESCRIPTION": "",
    "COMMON_KEY": "",
    "NODES_NAME": "",
    "CLUSTER_TIME_CORRECT": false,
    "CLUSTER_LEVEL_START": 0,
    "CLUSTER_HOT_ONLY": 0,
    "STAT_MODE": 0,
    "MAX_STAT_PERIOD": 600,
    "LOG_LEVEL": 2,
    "COUNT_VIEW_ROWS": 20,
    "ALL_VIEW_ROWS": false,
    "START_HISTORY": 10,
    "SUM_PRECISION": 9,
    "LISTEN_IP": "0.0.0.0",
    "HTTP_PORT_NUMBER": 9001,
    "HTTP_PORT_PASSWORD": "DeeSKY43Fs4fsda",
    "HTTP_IP_CONNECT": "",
    "USE_API_WALLET": true,
    "USE_API_V1": true,
    "USE_API_MINING": true,
    "USE_HARD_API_V2": true,
    "MAX_TX_FROM_WEB_IP": 20,
    "HTTP_HOSTING_PORT": 9932,
    "HTTPS_HOSTING_DOMAIN": "",
    "HTTPS_HOSTING_EMAIL": "",
    "HTTP_MAX_COUNT_ROWS": 20,
    "HTTP_ADMIN_PASSWORD": "HrmdJdhyfTTDdscasdxkgu",
    "HTTP_START_PAGE": "",
    "HTTP_CACHE_LONG": 86400,
    "HTTP_USE_ZIP": 0,
    "WEB_LOG": true,
    "HTTP_HOSTING_PROCESS": 0,
    "USE_MINING": true,
    "USE_MINING_SHARDS": 1,
    "MINING_ACCOUNT": 240646,
    "MINING_START_TIME": "",
    "MINING_PERIOD_TIME": "",
    "POW_MAX_PERCENT": 50,
    "COUNT_MINING_CPU": 1,
    "SIZE_MINING_MEMORY": 10000,
    "POW_RUN_COUNT": 5000,
    "USE_AUTO_UPDATE": 1,
    "JINN_MAX_MEMORY_USE": 500,
    "RESTART_PERIOD_SEC": 0,
    "WATCHDOG_DEV": 0,
    "NOT_RUN": 0,
    "DELTA_CURRENT_TIME": -2219,
    "USE_EDIT_ACCOUNT": true,
    "USE_BLOCK_SEND_TX": true,
    "ADD_EXTRA_SLOTS": 0
}