{
    "Arr": [
        {
            "ip": "127.0.0.1",
            "port": 3000,
            "Score": 10000000,
            "System": 1
        }
    ],
    "AddrItem": {
        "IDArr": [
            142,
            233,
            218,
            232,
            185,
            136,
            48,
            49,
            68,
            17,
            13,
            118,
            190,
            30,
            110,
            16,
            243,
            44,
            230,
            177,
            51,
            163,
            234,
            75,
            237,
            71,
            185,
            21,
            141,
            38,
            133,
            75
        ],
        "ip": "178.70.24.189",
        "port": 30000,
        "Nonce": 26300,
        "NonceTest": 38212,
        "BlockNum": 8557,
        "portweb": 80,
        "AddrHashPOW": [
            0,
            1,
            48,
            208,
            249,
            7,
            18,
            148,
            135,
            201,
            223,
            226,
            209,
            183,
            229,
            12,
            208,
            109,
            183,
            176,
            18,
            80,
            32,
            107,
            143,
            39,
            36,
            102,
            246,
            163,
            136,
            159
        ]
    }
}